1584012737617	geckodriver	DEBUG	Listening on 127.0.0.1:4444
1584012737733	webdriver::server	DEBUG	-> GET /status 
1584012737733	webdriver::server	DEBUG	<- 200 OK {"value":{"message":"","ready":true}}
1584012740402	webdriver::server	DEBUG	-> POST /session {"capabilities":{"browserName":"firefox","acceptInsecureCerts":true,"alwaysMatch":{"moz:firefoxOptions":{"binary":"C:/Program Files/Mozilla Firefox/firefox.exe"}},"name":"Sandbox"},"desiredCapabilities":{"browserName":"firefox","platform":"ANY","acceptInsecureCerts":true,"alwaysMatch":{"moz:firefoxOptions":{"binary":"C:/Program Files/Mozilla Firefox/firefox.exe"}},"name":"Sandbox"}}
1584012740413	mozrunner::runner	INFO	Running command: "C:/Program Files/Mozilla Firefox/firefox.exe" "-marionette" "-foreground" "-no-remote" "-profile" "C:\\Users\\MANUEL~1\\AppData\\Local\\Temp\\rust_mozprofileSBSgVb"
1584012740416	geckodriver::marionette	DEBUG	Waiting 60s to connect to browser on 127.0.0.1:52104
1584012741939	addons.webextension.doh-rollout@mozilla.org	WARN	Loading extension 'doh-rollout@mozilla.org': Reading manifest: Invalid extension permission: networkStatus
1584012744122	addons.webextension.screenshots@mozilla.org	WARN	Loading extension 'screenshots@mozilla.org': Reading manifest: Invalid extension permission: mozillaAddons
1584012744122	addons.webextension.screenshots@mozilla.org	WARN	Loading extension 'screenshots@mozilla.org': Reading manifest: Invalid extension permission: telemetry
1584012744123	addons.webextension.screenshots@mozilla.org	WARN	Loading extension 'screenshots@mozilla.org': Reading manifest: Invalid extension permission: resource://pdf.js/
1584012744123	addons.webextension.screenshots@mozilla.org	WARN	Loading extension 'screenshots@mozilla.org': Reading manifest: Invalid extension permission: about:reader*
1584012744839	Marionette	DEBUG	Init aborted (running=false, enabled=true, finalUIStartup=false)
JavaScript error: resource://gre/modules/XULStore.jsm, line 66: Error: Can't find profile directory.
1584012755300	Marionette	DEBUG	Setting recommended pref apz.content_response_timeout to 60000
1584012755300	Marionette	DEBUG	Setting recommended pref browser.contentblocking.introCount to 99
1584012755301	Marionette	DEBUG	Setting recommended pref browser.download.panel.shown to true
1584012755301	Marionette	DEBUG	Setting recommended pref browser.newtabpage.enabled to false
1584012755303	Marionette	DEBUG	Setting recommended pref browser.pagethumbnails.capturing_disabled to true
1584012755304	Marionette	DEBUG	Setting recommended pref browser.search.update to false
1584012755305	Marionette	DEBUG	Setting recommended pref browser.tabs.disableBackgroundZombification to false
1584012755305	Marionette	DEBUG	Setting recommended pref browser.tabs.remote.separatePrivilegedContentProcess to false
1584012755305	Marionette	DEBUG	Setting recommended pref browser.tabs.unloadOnLowMemory to false
1584012755305	Marionette	DEBUG	Setting recommended pref browser.tabs.warnOnCloseOtherTabs to false
1584012755306	Marionette	DEBUG	Setting recommended pref browser.tabs.warnOnOpen to false
1584012755306	Marionette	DEBUG	Setting recommended pref browser.usedOnWindows10.introURL to 
1584012755306	Marionette	DEBUG	Setting recommended pref browser.urlbar.suggest.searches to false
1584012755308	Marionette	DEBUG	Setting recommended pref datareporting.policy.dataSubmissionPolicyAccepted to false
1584012755308	Marionette	DEBUG	Setting recommended pref dom.disable_beforeunload to true
1584012755309	Marionette	DEBUG	Setting recommended pref dom.disable_open_during_load to false
1584012755309	Marionette	DEBUG	Setting recommended pref dom.file.createInChild to true
1584012755309	Marionette	DEBUG	Setting recommended pref dom.max_chrome_script_run_time to 0
1584012755310	Marionette	DEBUG	Setting recommended pref dom.max_script_run_time to 0
1584012755312	Marionette	DEBUG	Setting recommended pref dom.push.connection.enabled to false
1584012755312	Marionette	DEBUG	Setting recommended pref extensions.getAddons.cache.enabled to false
1584012755312	Marionette	DEBUG	Setting recommended pref extensions.webservice.discoverURL to http://%(server)s/dummy/discoveryURL
1584012755313	Marionette	DEBUG	Setting recommended pref network.http.prompt-temp-redirect to false
1584012755313	Marionette	DEBUG	Setting recommended pref network.http.speculative-parallel-limit to 0
1584012755313	Marionette	DEBUG	Setting recommended pref privacy.trackingprotection.enabled to false
1584012755313	Marionette	DEBUG	Setting recommended pref security.fileuri.strict_origin_policy to false
1584012755314	Marionette	DEBUG	Setting recommended pref security.notification_enable_delay to 0
1584012755314	Marionette	DEBUG	Setting recommended pref signon.autofillForms to false
1584012755315	Marionette	DEBUG	Setting recommended pref signon.rememberSignons to false
1584012755315	Marionette	DEBUG	Setting recommended pref toolkit.cosmeticAnimations.enabled to false
1584012755499	Marionette	INFO	Listening on port 52104
1584012755500	Marionette	DEBUG	Marionette is listening
1584012755736	Marionette	DEBUG	Accepted connection 0 from 127.0.0.1:52144
1584012755737	geckodriver::marionette	DEBUG	Connection to Marionette established on 127.0.0.1:52104.
1584012755739	Marionette	DEBUG	0 -> [0,1,"WebDriver:NewSession",{}]
1584012755858	Marionette	DEBUG	0 <- [1,1,null,{"sessionId":"4429abaa-ecfc-4796-8c92-51ba22f8c838","capabilities":{"browserName":"firefox","browserVersion":"74.0" ... \rust_mozprofileSBSgVb","moz:shutdownTimeout":60000,"moz:useNonSpecCompliantPointerOrigin":false,"moz:webdriverClick":true}}]
1584012755872	webdriver::server	DEBUG	<- 200 OK {"value":{"sessionId":"4429abaa-ecfc-4796-8c92-51ba22f8c838","capabilities":{"acceptInsecureCerts":false,"browserName":"firefox","browserVersion":"74.0","moz:accessibilityChecks":false,"moz:buildID":"20200309095159","moz:geckodriverVersion":"0.26.0","moz:headless":false,"moz:processID":18180,"moz:profile":"C:\\Users\\Manuel-PC\\AppData\\Local\\Temp\\rust_mozprofileSBSgVb","moz:shutdownTimeout":60000,"moz:useNonSpecCompliantPointerOrigin":false,"moz:webdriverClick":true,"pageLoadStrategy":"normal","platformName":"windows","platformVersion":"6.3","rotatable":false,"setWindowRect":true,"strictFileInteractability":false,"timeouts":{"implicit":0,"pageLoad":300000,"script":30000},"unhandledPromptBehavior":"dismiss and notify"}}}
1584012755915	webdriver::server	DEBUG	-> POST /session/4429abaa-ecfc-4796-8c92-51ba22f8c838/window/maximize {}
1584012755933	Marionette	DEBUG	0 -> [0,2,"WebDriver:MaximizeWindow",{}]
1584012755936	Marionette	DEBUG	0 <- [1,2,null,{"x":-8,"y":-8,"width":1382,"height":754}]
1584012755985	webdriver::server	DEBUG	<- 200 OK {"value":{"x":-8,"y":-8,"width":1382,"height":754}}
1584012756308	webdriver::server	DEBUG	-> POST /session/4429abaa-ecfc-4796-8c92-51ba22f8c838/url {"url":"http://automationpractice.com/index.php"}
1584012756311	Marionette	DEBUG	0 -> [0,3,"WebDriver:Navigate",{"url":"http://automationpractice.com/index.php"}]
1584012756369	webdriver::server	DEBUG	-> POST /session/4429abaa-ecfc-4796-8c92-51ba22f8c838/url {"url":"http://automationpractice.com/index.php?controller=authentication&back=my-account"}
1584012762142	Marionette	DEBUG	0 <- [1,3,null,{"value":null}]
1584012762143	webdriver::server	DEBUG	<- 200 OK {"value":null}
1584012762146	Marionette	DEBUG	0 -> [0,4,"WebDriver:Navigate",{"url":"http://automationpractice.com/index.php?controller=authentication&back=my-account"}]
1584012763658	Marionette	DEBUG	0 <- [1,4,null,{"value":null}]
1584012763658	webdriver::server	DEBUG	<- 200 OK {"value":null}
1584012763673	webdriver::server	DEBUG	-> POST /session/4429abaa-ecfc-4796-8c92-51ba22f8c838/elements {"using":"css selector","value":"#email"}
1584012763676	Marionette	DEBUG	0 -> [0,5,"WebDriver:FindElements",{"using":"css selector","value":"#email"}]
1584012763726	Marionette	DEBUG	0 <- [1,5,null,[{"element-6066-11e4-a52e-4f735466cecf":"6217f5c1-0cb5-4621-adf8-3dd44e0789f6"}]]
1584012763729	webdriver::server	DEBUG	<- 200 OK {"value":[{"element-6066-11e4-a52e-4f735466cecf":"6217f5c1-0cb5-4621-adf8-3dd44e0789f6"}]}
1584012763747	webdriver::server	DEBUG	-> POST /session/4429abaa-ecfc-4796-8c92-51ba22f8c838/elements {"using":"css selector","value":"#email"}
1584012763749	Marionette	DEBUG	0 -> [0,6,"WebDriver:FindElements",{"using":"css selector","value":"#email"}]
1584012763756	Marionette	DEBUG	0 <- [1,6,null,[{"element-6066-11e4-a52e-4f735466cecf":"6217f5c1-0cb5-4621-adf8-3dd44e0789f6"}]]
1584012763756	webdriver::server	DEBUG	<- 200 OK {"value":[{"element-6066-11e4-a52e-4f735466cecf":"6217f5c1-0cb5-4621-adf8-3dd44e0789f6"}]}
1584012763764	webdriver::server	DEBUG	-> POST /session/4429abaa-ecfc-4796-8c92-51ba22f8c838/element/6217f5c1-0cb5-4621-adf8-3dd44e0789f6/clear {"id":"6217f5c1-0cb5-4621-adf8-3dd44e0789f6"}
1584012763766	Marionette	DEBUG	0 -> [0,7,"WebDriver:ElementClear",{"id":"6217f5c1-0cb5-4621-adf8-3dd44e0789f6"}]
1584012763775	Marionette	DEBUG	0 <- [1,7,null,{"value":null}]
1584012763775	webdriver::server	DEBUG	<- 200 OK {"value":null}
1584012763790	webdriver::server	DEBUG	-> POST /session/4429abaa-ecfc-4796-8c92-51ba22f8c838/elements {"using":"css selector","value":"#email"}
1584012763793	Marionette	DEBUG	0 -> [0,8,"WebDriver:FindElements",{"using":"css selector","value":"#email"}]
1584012763799	Marionette	DEBUG	0 <- [1,8,null,[{"element-6066-11e4-a52e-4f735466cecf":"6217f5c1-0cb5-4621-adf8-3dd44e0789f6"}]]
1584012763800	webdriver::server	DEBUG	<- 200 OK {"value":[{"element-6066-11e4-a52e-4f735466cecf":"6217f5c1-0cb5-4621-adf8-3dd44e0789f6"}]}
1584012763806	webdriver::server	DEBUG	-> POST /session/4429abaa-ecfc-4796-8c92-51ba22f8c838/element/6217f5c1-0cb5-4621-adf8-3dd44e0789f6/value {"text":"test_user123@gmail.com"}
1584012763808	Marionette	DEBUG	0 -> [0,9,"WebDriver:ElementSendKeys",{"id":"6217f5c1-0cb5-4621-adf8-3dd44e0789f6","text":"test_user123@gmail.com","value":["t","e","s","t","_","u","s","e","r","1","2","3","@","g","m","a","i","l",".","c","o","m"]}]
1584012763944	Marionette	DEBUG	0 <- [1,9,null,{"value":null}]
1584012763944	webdriver::server	DEBUG	<- 200 OK {"value":null}
1584012763951	webdriver::server	DEBUG	-> POST /session/4429abaa-ecfc-4796-8c92-51ba22f8c838/elements {"using":"css selector","value":"#passwd"}
1584012763954	Marionette	DEBUG	0 -> [0,10,"WebDriver:FindElements",{"using":"css selector","value":"#passwd"}]
1584012763957	Marionette	DEBUG	0 <- [1,10,null,[{"element-6066-11e4-a52e-4f735466cecf":"737f0b11-997d-4206-ae64-0a44291b7e7e"}]]
1584012763958	webdriver::server	DEBUG	<- 200 OK {"value":[{"element-6066-11e4-a52e-4f735466cecf":"737f0b11-997d-4206-ae64-0a44291b7e7e"}]}
1584012763966	webdriver::server	DEBUG	-> POST /session/4429abaa-ecfc-4796-8c92-51ba22f8c838/elements {"using":"css selector","value":"#passwd"}
1584012763969	Marionette	DEBUG	0 -> [0,11,"WebDriver:FindElements",{"using":"css selector","value":"#passwd"}]
1584012763973	Marionette	DEBUG	0 <- [1,11,null,[{"element-6066-11e4-a52e-4f735466cecf":"737f0b11-997d-4206-ae64-0a44291b7e7e"}]]
1584012763973	webdriver::server	DEBUG	<- 200 OK {"value":[{"element-6066-11e4-a52e-4f735466cecf":"737f0b11-997d-4206-ae64-0a44291b7e7e"}]}
1584012763987	webdriver::server	DEBUG	-> POST /session/4429abaa-ecfc-4796-8c92-51ba22f8c838/element/737f0b11-997d-4206-ae64-0a44291b7e7e/clear {"id":"737f0b11-997d-4206-ae64-0a44291b7e7e"}
1584012763990	Marionette	DEBUG	0 -> [0,12,"WebDriver:ElementClear",{"id":"737f0b11-997d-4206-ae64-0a44291b7e7e"}]
1584012764014	Marionette	DEBUG	0 <- [1,12,null,{"value":null}]
1584012764014	webdriver::server	DEBUG	<- 200 OK {"value":null}
1584012764020	webdriver::server	DEBUG	-> POST /session/4429abaa-ecfc-4796-8c92-51ba22f8c838/elements {"using":"css selector","value":"#passwd"}
1584012764024	Marionette	DEBUG	0 -> [0,13,"WebDriver:FindElements",{"using":"css selector","value":"#passwd"}]
1584012764032	Marionette	DEBUG	0 <- [1,13,null,[{"element-6066-11e4-a52e-4f735466cecf":"737f0b11-997d-4206-ae64-0a44291b7e7e"}]]
1584012764033	webdriver::server	DEBUG	<- 200 OK {"value":[{"element-6066-11e4-a52e-4f735466cecf":"737f0b11-997d-4206-ae64-0a44291b7e7e"}]}
1584012764047	webdriver::server	DEBUG	-> POST /session/4429abaa-ecfc-4796-8c92-51ba22f8c838/element/737f0b11-997d-4206-ae64-0a44291b7e7e/value {"text":"automation"}
1584012764050	Marionette	DEBUG	0 -> [0,14,"WebDriver:ElementSendKeys",{"id":"737f0b11-997d-4206-ae64-0a44291b7e7e","text":"automation","value":["a","u","t","o","m","a","t","i","o","n"]}]
1584012764254	Marionette	DEBUG	0 <- [1,14,null,{"value":null}]
1584012764255	webdriver::server	DEBUG	<- 200 OK {"value":null}
1584012764260	webdriver::server	DEBUG	-> POST /session/4429abaa-ecfc-4796-8c92-51ba22f8c838/elements {"using":"css selector","value":"#SubmitLogin"}
1584012764264	Marionette	DEBUG	0 -> [0,15,"WebDriver:FindElements",{"using":"css selector","value":"#SubmitLogin"}]
1584012764288	Marionette	DEBUG	0 <- [1,15,null,[{"element-6066-11e4-a52e-4f735466cecf":"ef25f889-a065-48ca-a51f-272e53f78273"}]]
1584012764288	webdriver::server	DEBUG	<- 200 OK {"value":[{"element-6066-11e4-a52e-4f735466cecf":"ef25f889-a065-48ca-a51f-272e53f78273"}]}
1584012764296	webdriver::server	DEBUG	-> POST /session/4429abaa-ecfc-4796-8c92-51ba22f8c838/elements {"using":"css selector","value":"#SubmitLogin"}
1584012764298	Marionette	DEBUG	0 -> [0,16,"WebDriver:FindElements",{"using":"css selector","value":"#SubmitLogin"}]
1584012764305	Marionette	DEBUG	0 <- [1,16,null,[{"element-6066-11e4-a52e-4f735466cecf":"ef25f889-a065-48ca-a51f-272e53f78273"}]]
1584012764306	webdriver::server	DEBUG	<- 200 OK {"value":[{"element-6066-11e4-a52e-4f735466cecf":"ef25f889-a065-48ca-a51f-272e53f78273"}]}
1584012764355	webdriver::server	DEBUG	-> POST /session/4429abaa-ecfc-4796-8c92-51ba22f8c838/element/ef25f889-a065-48ca-a51f-272e53f78273/click {"id":"ef25f889-a065-48ca-a51f-272e53f78273"}
1584012764362	Marionette	DEBUG	0 -> [0,17,"WebDriver:ElementClick",{"id":"ef25f889-a065-48ca-a51f-272e53f78273"}]
1584012766609	Marionette	DEBUG	0 <- [1,17,null,{"value":null}]
1584012766613	webdriver::server	DEBUG	<- 200 OK {"value":null}
1584012766648	webdriver::server	DEBUG	-> DELETE /session/4429abaa-ecfc-4796-8c92-51ba22f8c838 
1584012766653	Marionette	DEBUG	0 -> [0,18,"Marionette:Quit",{"flags":["eForceQuit"]}]
1584012766654	Marionette	INFO	Stopped listening on port 52104
1584012766782	Marionette	DEBUG	0 <- [1,18,null,{"cause":"shutdown"}]
1584012766890	webdriver::server	DEBUG	Deleting session
1584012766929	Marionette	DEBUG	0 -> [0,19,"Marionette:Quit",{"flags":["eForceQuit"]}]
1584012766931	Marionette	DEBUG	0 <- [1,19,{"error":"invalid session id","message":"Tried to run command without establishing a connection","stacktrace":"WebDrive ... t@chrome://marionette/content/server.js:249:9\n_onJSONObjectReady/<@chrome://marionette/content/transport.js:501:20\n"},null]
1584012766958	Marionette	DEBUG	Closed connection 0

###!!! [Child][RunMessage] Error: Channel closing: too late to send/recv, messages will be lost


###!!! [Child][RunMessage] Error: Channel closing: too late to send/recv, messages will be lost

1584012768886	Marionette	DEBUG	Resetting recommended pref apz.content_response_timeout
1584012768886	Marionette	DEBUG	Resetting recommended pref browser.contentblocking.introCount
1584012768887	Marionette	DEBUG	Resetting recommended pref browser.download.panel.shown
1584012768887	Marionette	DEBUG	Resetting recommended pref browser.newtabpage.enabled
1584012768889	Marionette	DEBUG	Resetting recommended pref browser.pagethumbnails.capturing_disabled
1584012768889	Marionette	DEBUG	Resetting recommended pref browser.search.update
1584012768890	Marionette	DEBUG	Resetting recommended pref browser.tabs.disableBackgroundZombification
1584012768890	Marionette	DEBUG	Resetting recommended pref browser.tabs.remote.separatePrivilegedContentProcess
1584012768890	Marionette	DEBUG	Resetting recommended pref browser.tabs.unloadOnLowMemory
1584012768891	Marionette	DEBUG	Resetting recommended pref browser.tabs.warnOnCloseOtherTabs
1584012768891	Marionette	DEBUG	Resetting recommended pref browser.tabs.warnOnOpen
1584012768891	Marionette	DEBUG	Resetting recommended pref browser.usedOnWindows10.introURL
1584012768892	Marionette	DEBUG	Resetting recommended pref browser.urlbar.suggest.searches
1584012768893	Marionette	DEBUG	Resetting recommended pref datareporting.policy.dataSubmissionPolicyAccepted
1584012768893	Marionette	DEBUG	Resetting recommended pref dom.disable_beforeunload
1584012768893	Marionette	DEBUG	Resetting recommended pref dom.disable_open_during_load
1584012768894	Marionette	DEBUG	Resetting recommended pref dom.file.createInChild
1584012768894	Marionette	DEBUG	Resetting recommended pref dom.max_chrome_script_run_time
1584012768894	Marionette	DEBUG	Resetting recommended pref dom.max_script_run_time
1584012768895	Marionette	DEBUG	Resetting recommended pref dom.push.connection.enabled
1584012768896	Marionette	DEBUG	Resetting recommended pref extensions.getAddons.cache.enabled
1584012768896	Marionette	DEBUG	Resetting recommended pref extensions.webservice.discoverURL
1584012768896	Marionette	DEBUG	Resetting recommended pref network.http.prompt-temp-redirect
1584012768896	Marionette	DEBUG	Resetting recommended pref network.http.speculative-parallel-limit
1584012768897	Marionette	DEBUG	Resetting recommended pref privacy.trackingprotection.enabled
1584012768897	Marionette	DEBUG	Resetting recommended pref security.fileuri.strict_origin_policy
1584012768897	Marionette	DEBUG	Resetting recommended pref security.notification_enable_delay
1584012768897	Marionette	DEBUG	Resetting recommended pref signon.autofillForms
1584012768898	Marionette	DEBUG	Resetting recommended pref signon.rememberSignons
1584012768898	Marionette	DEBUG	Resetting recommended pref toolkit.cosmeticAnimations.enabled
1584012768899	Marionette	DEBUG	Marionette stopped listening

###!!! [Child][RunMessage] Error: Channel closing: too late to send/recv, messages will be lost


###!!! [Child][MessageChannel::SendAndWait] Error: Channel error: cannot send/recv

1584012769841	geckodriver::marionette	DEBUG	Browser process stopped: exit code: 0
1584012770419	webdriver::server	DEBUG	<- 200 OK {"value":null}
