13:10:54.422 INFO [GridLauncherV3.parse] - Selenium server version: 3.141.59, revision: e82be7d358
13:10:54.698 INFO [GridLauncherV3.lambda$buildLaunchers$3] - Launching a standalone Selenium Server on port 4444
2020-03-12 13:10:54.838:INFO::main: Logging initialized @1124ms to org.seleniumhq.jetty9.util.log.StdErrLog
13:10:55.645 INFO [WebDriverServlet.<init>] - Initialising WebDriverServlet
13:10:56.148 INFO [SeleniumServer.boot] - Selenium Server is up and running on port 4444
13:11:02.345 INFO [ActiveSessionFactory.apply] - Capabilities are: {
  "browserName": "firefox",
  "javascriptEnabled": true,
  "moz:firefoxOptions": {
    "binary": "C:\u002fProgram Files\u002fMozilla Firefox\u002ffirefox.exe"
  },
  "name": "Sandbox"
}
13:11:02.350 INFO [ActiveSessionFactory.lambda$apply$11] - Matched factory org.openqa.selenium.grid.session.remote.ServicedSession$Factory (provider: org.openqa.selenium.firefox.GeckoDriverService)
1584015064095	mozrunner::runner	INFO	Running command: "C:/Program Files/Mozilla Firefox/firefox.exe" "-marionette" "-foreground" "-no-remote" "-profile" "C:\\Users\\MANUEL~1\\AppData\\Local\\Temp\\rust_mozprofilesV3Zxr"
1584015065129	addons.webextension.doh-rollout@mozilla.org	WARN	Loading extension 'doh-rollout@mozilla.org': Reading manifest: Invalid extension permission: networkStatus
1584015066633	addons.webextension.screenshots@mozilla.org	WARN	Loading extension 'screenshots@mozilla.org': Reading manifest: Invalid extension permission: mozillaAddons
1584015066633	addons.webextension.screenshots@mozilla.org	WARN	Loading extension 'screenshots@mozilla.org': Reading manifest: Invalid extension permission: telemetry
1584015066634	addons.webextension.screenshots@mozilla.org	WARN	Loading extension 'screenshots@mozilla.org': Reading manifest: Invalid extension permission: resource://pdf.js/
1584015066634	addons.webextension.screenshots@mozilla.org	WARN	Loading extension 'screenshots@mozilla.org': Reading manifest: Invalid extension permission: about:reader*
JavaScript error: resource://gre/modules/XULStore.jsm, line 66: Error: Can't find profile directory.
1584015073199	Marionette	INFO	Listening on port 52777
13:11:13.543 INFO [ProtocolHandshake.createSession] - Detected dialect: W3C
13:11:13.691 INFO [RemoteSession$Factory.lambda$performHandshake$0] - Started new session 02f3d0c4-d7cd-4b66-84c3-7a8e61934752 (org.openqa.selenium.firefox.GeckoDriverService)
1584015083852	Marionette	INFO	Stopped listening on port 52777

###!!! [Child][RunMessage] Error: Channel closing: too late to send/recv, messages will be lost


###!!! [Child][MessageChannel::SendAndWait] Error: Channel error: cannot send/recv

13:11:28.114 INFO [ActiveSessions$1.onStop] - Removing session 02f3d0c4-d7cd-4b66-84c3-7a8e61934752 (org.openqa.selenium.firefox.GeckoDriverService)
